0 info it worked if it ends with ok
1 verbose cli [ 'node', '/usr/bin/npm', 'install' ]
2 info using npm@2.10.0
3 info using node@v0.12.3
4 verbose readDependencies loading dependencies from /home/arian/Projects/elixir/blog/package.json
5 error install Couldn't read dependencies
6 verbose stack Error: ENOENT, open '/home/arian/Projects/elixir/blog/package.json'
6 verbose stack     at Error (native)
7 verbose cwd /home/arian/Projects/elixir/blog
8 error Linux 4.0.3-1-ARCH
9 error argv "node" "/usr/bin/npm" "install"
10 error node v0.12.3
11 error npm  v2.10.0
12 error path /home/arian/Projects/elixir/blog/package.json
13 error code ENOPACKAGEJSON
14 error errno -2
15 error package.json ENOENT, open '/home/arian/Projects/elixir/blog/package.json'
15 error package.json This is most likely not a problem with npm itself.
15 error package.json npm can't find a package.json file in your current directory.
16 verbose exit [ -2, true ]
